<?xml version="1.0" encoding="UTF-8"?>
<!-- Generated by org.testng.reporters.JUnitReportReporter -->
<testsuite skipped="0" hostname="LAPTOP-HP2UB5IL" name="App_Authentication.App_Authentication.Authenticate" tests="1" failures="0" timestamp="10 Feb 2019 06:25:58 GMT" time="9.799" errors="0">
  <testcase name="verifylogin" time="9.799" classname="App_Authentication.App_Authentication.Authenticate"/>
</testsuite> <!-- App_Authentication.App_Authentication.Authenticate -->
